{"/home/keka/Desktop/dev/frontend-project-46/src/index.js": {"path":"/home/keka/Desktop/dev/frontend-project-46/src/index.js","statementMap":{"0":{"start":{"line":5,"column":27},"end":{"line":31,"column":1}},"1":{"start":{"line":6,"column":20},"end":{"line":6,"column":43}},"2":{"start":{"line":7,"column":20},"end":{"line":7,"column":43}},"3":{"start":{"line":9,"column":16},"end":{"line":9,"column":51}},"4":{"start":{"line":10,"column":16},"end":{"line":10,"column":51}},"5":{"start":{"line":12,"column":22},"end":{"line":12,"column":39}},"6":{"start":{"line":13,"column":22},"end":{"line":13,"column":39}},"7":{"start":{"line":15,"column":21},"end":{"line":15,"column":90}},"8":{"start":{"line":17,"column":15},"end":{"line":28,"column":4}},"9":{"start":{"line":18,"column":4},"end":{"line":23,"column":5}},"10":{"start":{"line":19,"column":6},"end":{"line":21,"column":7}},"11":{"start":{"line":20,"column":8},"end":{"line":20,"column":47}},"12":{"start":{"line":22,"column":6},"end":{"line":22,"column":76}},"13":{"start":{"line":24,"column":4},"end":{"line":26,"column":5}},"14":{"start":{"line":25,"column":6},"end":{"line":25,"column":45}},"15":{"start":{"line":27,"column":4},"end":{"line":27,"column":43}},"16":{"start":{"line":30,"column":2},"end":{"line":30,"column":36}}},"fnMap":{"0":{"name":"(anonymous_0)","decl":{"start":{"line":5,"column":27},"end":{"line":5,"column":28}},"loc":{"start":{"line":5,"column":53},"end":{"line":31,"column":1}},"line":5},"1":{"name":"(anonymous_1)","decl":{"start":{"line":17,"column":30},"end":{"line":17,"column":31}},"loc":{"start":{"line":17,"column":39},"end":{"line":28,"column":3}},"line":17}},"branchMap":{"0":{"loc":{"start":{"line":18,"column":4},"end":{"line":23,"column":5}},"type":"if","locations":[{"start":{"line":18,"column":4},"end":{"line":23,"column":5}},{"start":{},"end":{}}],"line":18},"1":{"loc":{"start":{"line":18,"column":8},"end":{"line":18,"column":58}},"type":"binary-expr","locations":[{"start":{"line":18,"column":8},"end":{"line":18,"column":31}},{"start":{"line":18,"column":35},"end":{"line":18,"column":58}}],"line":18},"2":{"loc":{"start":{"line":19,"column":6},"end":{"line":21,"column":7}},"type":"if","locations":[{"start":{"line":19,"column":6},"end":{"line":21,"column":7}},{"start":{},"end":{}}],"line":19},"3":{"loc":{"start":{"line":24,"column":4},"end":{"line":26,"column":5}},"type":"if","locations":[{"start":{"line":24,"column":4},"end":{"line":26,"column":5}},{"start":{},"end":{}}],"line":24}},"s":{"0":1,"1":1,"2":1,"3":1,"4":1,"5":1,"6":1,"7":1,"8":1,"9":5,"10":2,"11":1,"12":1,"13":3,"14":2,"15":1,"16":1},"f":{"0":1,"1":5},"b":{"0":[2,3],"1":[5,4],"2":[1,1],"3":[2,1]},"_coverageSchema":"1a1c01bbd47fc00a2c39e90264f33305004495a9","hash":"de14405b5e1ca28fa49e9b44371ee1a16aca3f54"}
}
